<?xml version="1.0" encoding="UTF-8"?>
<testsuite name="CheckingAccountTest" tests="3" skipped="0" failures="0" errors="0" timestamp="2022-11-11T18:18:08" hostname="LAPTOP-TC9S7EU5" time="0.071">
  <properties/>
  <testcase name="transferTest()" classname="CheckingAccountTest" time="0.047"/>
  <testcase name="addMoneyTest()" classname="CheckingAccountTest" time="0.004"/>
  <testcase name="payTest()" classname="CheckingAccountTest" time="0.016"/>
  <system-out><![CDATA[Tests started
Test started
РќРµРґРѕСЃС‚Р°С‚РѕС‡РЅРѕ СЃСЂРµРґСЃС‚РІ. Р‘Р°Р»Р°РЅСЃ:5000
Test completed
Test started
Р’Р°С€ СЂР°СЃС‡РµС‚РЅС‹Р№ СЃС‡РµС‚ РїРѕРїРѕР»РЅРµРЅ: 5350
Test completed
Test started
РЎ РІР°С€РµРіРѕ СЃС‡РµС‚Р° СЃРѕРІРµСЂС€РµРЅР° РѕРїР»Р°С‚Р° РЅР° СЃСѓРјРјСѓ:500. Р‘Р°Р»Р°РЅСЃ: 4500
Test completed
Tests completed
]]></system-out>
  <system-err><![CDATA[]]></system-err>
</testsuite>
